# JRE version: OpenJDK Runtime Environment (19.0+36) (build 19+36-2238)
# Java VM: OpenJDK 64-Bit Server VM (19+36-2238, mixed mode, emulated-client, sharing, tiered, compressed oops, compressed class ptrs, g1 gc, windows-amd64)
GC Precious Log:
 CardTable entry size: 512
 Card Set container configuration: InlinePtr #cards 4 size 8 Array Of Cards #cards 16 size 48 Howl #buckets 8 coarsen threshold 7372 Howl Bitmap #cards 1024 size 144 coarsen threshold 921 Card regions per heap region 1 cards per card region 8192
 CPUs: 4 total, 4 available
 Memory: 20279M
 Large Page Support: Disabled
 NUMA Support: Disabled
 Compressed Oops: Enabled (Zero based)
 Heap Region Size: 4M
 Heap Min Capacity: 8M
 Heap Initial Capacity: 320M
 Heap Max Capacity: 5072M
 Pre-touch: Disabled
 Parallel Workers: 4
 Concurrent Workers: 1
 Concurrent Refinement Workers: 4
 Periodic GC: Disabled
Heap:
 garbage-first heap   total 98304K, used 34304K [0x00000006c3000000, 0x0000000800000000)
  region size 4096K, 3 young (12288K), 1 survivors (4096K)
 Metaspace       used 70723K, committed 71488K, reserved 1114112K
  class space    used 9656K, committed 10048K, reserved 1048576K
GC Heap History (20 events):
Event: 2741.998 GC heap before
{Heap before GC invocations=22 (full 0):
 garbage-first heap   total 110592K, used 81127K [0x00000006c3000000, 0x0000000800000000)
  region size 4096K, 14 young (57344K), 1 survivors (4096K)
 Metaspace       used 70244K, committed 71104K, reserved 1114112K
  class space    used 9634K, committed 10048K, reserved 1048576K
}
Event: 2742.000 GC heap after
{Heap after GC invocations=23 (full 0):
 garbage-first heap   total 110592K, used 32612K [0x00000006c3000000, 0x0000000800000000)
  region size 4096K, 1 young (4096K), 1 survivors (4096K)
 Metaspace       used 70244K, committed 71104K, reserved 1114112K
  class space    used 9634K, committed 10048K, reserved 1048576K
}
Event: 3120.066 GC heap before
{Heap before GC invocations=23 (full 0):
 garbage-first heap   total 110592K, used 48996K [0x00000006c3000000, 0x0000000800000000)
  region size 4096K, 6 young (24576K), 1 survivors (4096K)
 Metaspace       used 70350K, committed 71232K, reserved 1114112K
  class space    used 9656K, committed 10048K, reserved 1048576K
}
Event: 3120.128 GC heap after
{Heap after GC invocations=24 (full 1):
 garbage-first heap   total 81920K, used 23015K [0x00000006c3000000, 0x0000000800000000)
  region size 4096K, 0 young (0K), 0 survivors (0K)
 Metaspace       used 69886K, committed 71232K, reserved 1114112K
  class space    used 9544K, committed 10048K, reserved 1048576K
}
Event: 3121.569 GC heap before
{Heap before GC invocations=24 (full 1):
 garbage-first heap   total 81920K, used 59879K [0x00000006c3000000, 0x0000000800000000)
  region size 4096K, 10 young (40960K), 0 survivors (0K)
 Metaspace       used 70025K, committed 71232K, reserved 1114112K
  class space    used 9575K, committed 10048K, reserved 1048576K
}
Event: 3121.577 GC heap after
{Heap after GC invocations=25 (full 1):
 garbage-first heap   total 81920K, used 27380K [0x00000006c3000000, 0x0000000800000000)
  region size 4096K, 2 young (8192K), 2 survivors (8192K)
 Metaspace       used 70025K, committed 71232K, reserved 1114112K
  class space    used 9575K, committed 10048K, reserved 1048576K
}
Event: 3122.013 GC heap before
{Heap before GC invocations=26 (full 1):
 garbage-first heap   total 81920K, used 60148K [0x00000006c3000000, 0x0000000800000000)
  region size 4096K, 10 young (40960K), 2 survivors (8192K)
 Metaspace       used 70444K, committed 71232K, reserved 1114112K
  class space    used 9638K, committed 10048K, reserved 1048576K
}
Event: 3122.020 GC heap after
{Heap after GC invocations=27 (full 1):
 garbage-first heap   total 81920K, used 31711K [0x00000006c3000000, 0x0000000800000000)
  region size 4096K, 2 young (8192K), 2 survivors (8192K)
 Metaspace       used 70444K, committed 71232K, reserved 1114112K
  class space    used 9638K, committed 10048K, reserved 1048576K
}
Event: 3122.110 GC heap before
{Heap before GC invocations=27 (full 1):
 garbage-first heap   total 81920K, used 35807K [0x00000006c3000000, 0x0000000800000000)
  region size 4096K, 3 young (12288K), 2 survivors (8192K)
 Metaspace       used 70476K, committed 71296K, reserved 1114112K
  class space    used 9646K, committed 10048K, reserved 1048576K
}
Event: 3122.122 GC heap after
{Heap after GC invocations=28 (full 1):
 garbage-first heap   total 81920K, used 32413K [0x00000006c3000000, 0x0000000800000000)
  region size 4096K, 1 young (4096K), 1 survivors (4096K)
 Metaspace       used 70476K, committed 71296K, reserved 1114112K
  class space    used 9646K, committed 10048K, reserved 1048576K
}
Event: 3123.786 GC heap before
{Heap before GC invocations=28 (full 1):
 garbage-first heap   total 81920K, used 40605K [0x00000006c3000000, 0x0000000800000000)
  region size 4096K, 4 young (16384K), 1 survivors (4096K)
 Metaspace       used 70538K, committed 71360K, reserved 1114112K
  class space    used 9660K, committed 10048K, reserved 1048576K
}
Event: 3123.838 GC heap after
{Heap after GC invocations=29 (full 2):
 garbage-first heap   total 81920K, used 25709K [0x00000006c3000000, 0x0000000800000000)
  region size 4096K, 0 young (0K), 0 survivors (0K)
 Metaspace       used 70352K, committed 71360K, reserved 1114112K
  class space    used 9618K, committed 10048K, reserved 1048576K
}
Event: 3124.262 GC heap before
{Heap before GC invocations=29 (full 2):
 garbage-first heap   total 81920K, used 58477K [0x00000006c3000000, 0x0000000800000000)
  region size 4096K, 8 young (32768K), 0 survivors (0K)
 Metaspace       used 70399K, committed 71360K, reserved 1114112K
  class space    used 9625K, committed 10048K, reserved 1048576K
}
Event: 3124.264 GC heap after
{Heap after GC invocations=30 (full 2):
 garbage-first heap   total 98304K, used 28873K [0x00000006c3000000, 0x0000000800000000)
  region size 4096K, 1 young (4096K), 1 survivors (4096K)
 Metaspace       used 70399K, committed 71360K, reserved 1114112K
  class space    used 9625K, committed 10048K, reserved 1048576K
}
Event: 3124.686 GC heap before
{Heap before GC invocations=30 (full 2):
 garbage-first heap   total 98304K, used 69833K [0x00000006c3000000, 0x0000000800000000)
  region size 4096K, 11 young (45056K), 1 survivors (4096K)
 Metaspace       used 70622K, committed 71488K, reserved 1114112K
  class space    used 9642K, committed 10048K, reserved 1048576K
}
Event: 3124.691 GC heap after
{Heap after GC invocations=31 (full 2):
 garbage-first heap   total 98304K, used 32290K [0x00000006c3000000, 0x0000000800000000)
  region size 4096K, 2 young (8192K), 2 survivors (8192K)
 Metaspace       used 70622K, committed 71488K, reserved 1114112K
  class space    used 9642K, committed 10048K, reserved 1048576K
}
Event: 3258.747 GC heap before
{Heap before GC invocations=31 (full 2):
 garbage-first heap   total 98304K, used 40482K [0x00000006c3000000, 0x0000000800000000)
  region size 4096K, 5 young (20480K), 2 survivors (8192K)
 Metaspace       used 70625K, committed 71488K, reserved 1114112K
  class space    used 9642K, committed 10048K, reserved 1048576K
}
Event: 3258.794 GC heap after
{Heap after GC invocations=32 (full 3):
 garbage-first heap   total 98304K, used 26112K [0x00000006c3000000, 0x0000000800000000)
  region size 4096K, 0 young (0K), 0 survivors (0K)
 Metaspace       used 70619K, committed 71488K, reserved 1114112K
  class space    used 9641K, committed 10048K, reserved 1048576K
}
Event: 3259.172 GC heap before
{Heap before GC invocations=32 (full 3):
 garbage-first heap   total 98304K, used 67072K [0x00000006c3000000, 0x0000000800000000)
  region size 4096K, 11 young (45056K), 0 survivors (0K)
 Metaspace       used 70676K, committed 71488K, reserved 1114112K
  class space    used 9651K, committed 10048K, reserved 1048576K
}
Event: 3259.176 GC heap after
{Heap after GC invocations=33 (full 3):
 garbage-first heap   total 98304K, used 30208K [0x00000006c3000000, 0x0000000800000000)
  region size 4096K, 1 young (4096K), 1 survivors (4096K)
 Metaspace       used 70676K, committed 71488K, reserved 1114112K
  class space    used 9651K, committed 10048K, reserved 1048576K
}

